<?xml version="1.0" encoding="UTF-8"?>
<!-- Generated by org.testng.reporters.JUnitReportReporter -->
<testsuite hostname="Haby" failures="0" tests="1" name="com.sevenrmartsupermarket.tests.LoginTest" time="10.225" errors="0" timestamp="2024-05-15T12:18:05 EDT" skipped="0">
  <testcase classname="com.sevenrmartsupermarket.tests.LoginTest" name="verifyInvalidLoginErrorMessage" time="10.225"/>
</testsuite> <!-- com.sevenrmartsupermarket.tests.LoginTest -->
