<?xml version="1.0" encoding="UTF-8"?>
<!-- Generated by org.testng.reporters.JUnitReportReporter -->
<testsuite hostname="Haby" failures="0" tests="1" name="com.sevenrmartsupermarket.tests.AdminUsersTest" time="11.949" errors="0" timestamp="2024-05-23T09:21:52 EDT" skipped="0">
  <testcase classname="com.sevenrmartsupermarket.tests.AdminUsersTest" name="verifyDeactivatedUser" time="11.949"/>
</testsuite> <!-- com.sevenrmartsupermarket.tests.AdminUsersTest -->
